# JRE version: OpenJDK Runtime Environment Temurin-17.0.2+8 (17.0.2+8) (build 17.0.2+8)
# Java VM: OpenJDK 64-Bit Server VM Temurin-17.0.2+8 (17.0.2+8, mixed mode, tiered, compressed oops, compressed class ptrs, g1 gc, windows-amd64)
GC Precious Log:
 CPUs: 4 total, 4 available
 Memory: 4013M
 Large Page Support: Disabled
 NUMA Support: Disabled
 Compressed Oops: Enabled (32-bit)
 Heap Region Size: 1M
 Heap Min Capacity: 8M
 Heap Initial Capacity: 64M
 Heap Max Capacity: 1004M
 Pre-touch: Disabled
 Parallel Workers: 4
 Concurrent Workers: 1
 Concurrent Refinement Workers: 4
 Periodic GC: Disabled
Heap:
 garbage-first heap   total 96256K, used 37403K [0x00000000c1400000, 0x0000000100000000)
  region size 1024K, 0 young (0K), 0 survivors (0K)
 Metaspace       used 3912K, committed 4096K, reserved 1056768K
  class space    used 313K, committed 384K, reserved 1048576K
GC Heap History (20 events):
Event: 13.868 GC heap before
{Heap before GC invocations=10 (full 0):
 garbage-first heap   total 87040K, used 81458K [0x00000000c1400000, 0x0000000100000000)
  region size 1024K, 29 young (29696K), 1 survivors (1024K)
 Metaspace       used 3912K, committed 4096K, reserved 1056768K
  class space    used 313K, committed 384K, reserved 1048576K
}
Event: 13.870 GC heap after
{Heap after GC invocations=11 (full 0):
 garbage-first heap   total 87040K, used 52808K [0x00000000c1400000, 0x0000000100000000)
  region size 1024K, 1 young (1024K), 1 survivors (1024K)
 Metaspace       used 3912K, committed 4096K, reserved 1056768K
  class space    used 313K, committed 384K, reserved 1048576K
}
Event: 15.064 GC heap before
{Heap before GC invocations=11 (full 0):
 garbage-first heap   total 87040K, used 76360K [0x00000000c1400000, 0x0000000100000000)
  region size 1024K, 24 young (24576K), 1 survivors (1024K)
 Metaspace       used 3912K, committed 4096K, reserved 1056768K
  class space    used 313K, committed 384K, reserved 1048576K
}
Event: 15.066 GC heap after
{Heap after GC invocations=12 (full 0):
 garbage-first heap   total 87040K, used 52787K [0x00000000c1400000, 0x0000000100000000)
  region size 1024K, 1 young (1024K), 1 survivors (1024K)
 Metaspace       used 3912K, committed 4096K, reserved 1056768K
  class space    used 313K, committed 384K, reserved 1048576K
}
Event: 16.368 GC heap before
{Heap before GC invocations=13 (full 0):
 garbage-first heap   total 87040K, used 48691K [0x00000000c1400000, 0x0000000100000000)
  region size 1024K, 24 young (24576K), 1 survivors (1024K)
 Metaspace       used 3912K, committed 4096K, reserved 1056768K
  class space    used 313K, committed 384K, reserved 1048576K
}
Event: 16.369 GC heap after
{Heap after GC invocations=14 (full 0):
 garbage-first heap   total 87040K, used 25178K [0x00000000c1400000, 0x0000000100000000)
  region size 1024K, 1 young (1024K), 1 survivors (1024K)
 Metaspace       used 3912K, committed 4096K, reserved 1056768K
  class space    used 313K, committed 384K, reserved 1048576K
}
Event: 18.697 GC heap before
{Heap before GC invocations=14 (full 0):
 garbage-first heap   total 87040K, used 61018K [0x00000000c1400000, 0x0000000100000000)
  region size 1024K, 37 young (37888K), 1 survivors (1024K)
 Metaspace       used 3912K, committed 4096K, reserved 1056768K
  class space    used 313K, committed 384K, reserved 1048576K
}
Event: 18.699 GC heap after
{Heap after GC invocations=15 (full 0):
 garbage-first heap   total 87040K, used 25158K [0x00000000c1400000, 0x0000000100000000)
  region size 1024K, 1 young (1024K), 1 survivors (1024K)
 Metaspace       used 3912K, committed 4096K, reserved 1056768K
  class space    used 313K, committed 384K, reserved 1048576K
}
Event: 20.124 GC heap before
{Heap before GC invocations=15 (full 0):
 garbage-first heap   total 87040K, used 84550K [0x00000000c1400000, 0x0000000100000000)
  region size 1024K, 24 young (24576K), 1 survivors (1024K)
 Metaspace       used 3912K, committed 4096K, reserved 1056768K
  class space    used 313K, committed 384K, reserved 1048576K
}
Event: 20.126 GC heap after
{Heap after GC invocations=16 (full 0):
 garbage-first heap   total 87040K, used 62028K [0x00000000c1400000, 0x0000000100000000)
  region size 1024K, 1 young (1024K), 1 survivors (1024K)
 Metaspace       used 3912K, committed 4096K, reserved 1056768K
  class space    used 313K, committed 384K, reserved 1048576K
}
Event: 20.926 GC heap before
{Heap before GC invocations=16 (full 0):
 garbage-first heap   total 87040K, used 76364K [0x00000000c1400000, 0x0000000100000000)
  region size 1024K, 15 young (15360K), 1 survivors (1024K)
 Metaspace       used 3912K, committed 4096K, reserved 1056768K
  class space    used 313K, committed 384K, reserved 1048576K
}
Event: 20.928 GC heap after
{Heap after GC invocations=17 (full 0):
 garbage-first heap   total 87040K, used 62037K [0x00000000c1400000, 0x0000000100000000)
  region size 1024K, 1 young (1024K), 1 survivors (1024K)
 Metaspace       used 3912K, committed 4096K, reserved 1056768K
  class space    used 313K, committed 384K, reserved 1048576K
}
Event: 21.752 GC heap before
{Heap before GC invocations=18 (full 0):
 garbage-first heap   total 87040K, used 51797K [0x00000000c1400000, 0x0000000100000000)
  region size 1024K, 15 young (15360K), 1 survivors (1024K)
 Metaspace       used 3912K, committed 4096K, reserved 1056768K
  class space    used 313K, committed 384K, reserved 1048576K
}
Event: 21.754 GC heap after
{Heap after GC invocations=19 (full 0):
 garbage-first heap   total 87040K, used 37403K [0x00000000c1400000, 0x0000000100000000)
  region size 1024K, 0 young (0K), 0 survivors (0K)
 Metaspace       used 3912K, committed 4096K, reserved 1056768K
  class space    used 313K, committed 384K, reserved 1048576K
}
Event: 24.990 GC heap before
{Heap before GC invocations=19 (full 0):
 garbage-first heap   total 87040K, used 76315K [0x00000000c1400000, 0x0000000100000000)
  region size 1024K, 38 young (38912K), 0 survivors (0K)
 Metaspace       used 3912K, committed 4096K, reserved 1056768K
  class space    used 313K, committed 384K, reserved 1048576K
}
Event: 24.990 GC heap after
{Heap after GC invocations=20 (full 0):
 garbage-first heap   total 87040K, used 37403K [0x00000000c1400000, 0x0000000100000000)
  region size 1024K, 0 young (0K), 0 survivors (0K)
 Metaspace       used 3912K, committed 4096K, reserved 1056768K
  class space    used 313K, committed 384K, reserved 1048576K
}
Event: 28.407 GC heap before
{Heap before GC invocations=20 (full 0):
 garbage-first heap   total 87040K, used 76315K [0x00000000c1400000, 0x0000000100000000)
  region size 1024K, 38 young (38912K), 0 survivors (0K)
 Metaspace       used 3912K, committed 4096K, reserved 1056768K
  class space    used 313K, committed 384K, reserved 1048576K
}
Event: 28.408 GC heap after
{Heap after GC invocations=21 (full 0):
 garbage-first heap   total 87040K, used 37403K [0x00000000c1400000, 0x0000000100000000)
  region size 1024K, 0 young (0K), 0 survivors (0K)
 Metaspace       used 3912K, committed 4096K, reserved 1056768K
  class space    used 313K, committed 384K, reserved 1048576K
}
Event: 32.544 GC heap before
{Heap before GC invocations=21 (full 0):
 garbage-first heap   total 87040K, used 75291K [0x00000000c1400000, 0x0000000100000000)
  region size 1024K, 38 young (38912K), 0 survivors (0K)
 Metaspace       used 3912K, committed 4096K, reserved 1056768K
  class space    used 313K, committed 384K, reserved 1048576K
}
Event: 32.545 GC heap after
{Heap after GC invocations=22 (full 0):
 garbage-first heap   total 87040K, used 37403K [0x00000000c1400000, 0x0000000100000000)
  region size 1024K, 0 young (0K), 0 survivors (0K)
 Metaspace       used 3912K, committed 4096K, reserved 1056768K
  class space    used 313K, committed 384K, reserved 1048576K
}

